Log file open, 09/06/20 23:19:39
LogInit: Display: Running engine for game: InfiniteMatrix
LogPlatformFile: Not using cached read wrapper
LogTaskGraph: Started task graph with 5 named threads and 11 total threads with 3 sets of task threads.
LogStats: Stats thread started at 0.940488
LogD3D11RHI: Loaded GFSDK_Aftermath_Lib.x64.dll
LogICUInternationalization: ICU TimeZone Detection - Raw Offset: +3:00, Platform Override: ''
LogPluginManager: Mounting plugin Paper2D
LogPluginManager: Mounting plugin AISupport
LogPluginManager: Mounting plugin LightPropagationVolume
LogPluginManager: Mounting plugin CameraShakePreviewer
LogPluginManager: Mounting plugin ActorLayerUtilities
LogPluginManager: Mounting plugin AnimationSharing
LogPluginManager: Mounting plugin CLionSourceCodeAccess
LogPluginManager: Mounting plugin CodeLiteSourceCodeAccess
LogPluginManager: Mounting plugin GitSourceControl
LogPluginManager: Mounting plugin KDevelopSourceCodeAccess
LogPluginManager: Mounting plugin NullSourceCodeAccess
LogPluginManager: Mounting plugin PerforceSourceControl
LogPluginManager: Mounting plugin PlasticSourceControl
LogPluginManager: Mounting plugin RiderSourceCodeAccess
LogPluginManager: Mounting plugin SubversionSourceControl
LogPluginManager: Mounting plugin UObjectPlugin
LogPluginManager: Mounting plugin VisualStudioCodeSourceCodeAccess
LogPluginManager: Mounting plugin VisualStudioSourceCodeAccess
LogPluginManager: Mounting plugin XCodeSourceCodeAccess
LogPluginManager: Mounting plugin AssetManagerEditor
LogPluginManager: Mounting plugin CryptoKeys
LogPluginManager: Mounting plugin CurveEditorTools
LogPluginManager: Mounting plugin DataValidation
LogPluginManager: Mounting plugin EditorScriptingUtilities
LogPluginManager: Mounting plugin FacialAnimation
LogPluginManager: Mounting plugin GameplayTagsEditor
LogPluginManager: Mounting plugin GeometryMode
LogPluginManager: Mounting plugin MacGraphicsSwitching
LogPluginManager: Mounting plugin MaterialAnalyzer
LogPluginManager: Mounting plugin MobileLauncherProfileWizard
LogPluginManager: Mounting plugin PluginBrowser
LogPluginManager: Mounting plugin SpeedTreeImporter
LogPluginManager: Mounting plugin DatasmithContent
LogPluginManager: Mounting plugin VariantManagerContent
LogPluginManager: Mounting plugin AlembicImporter
LogPluginManager: Mounting plugin AutomationUtils
LogPluginManager: Mounting plugin BackChannel
LogPluginManager: Mounting plugin ChaosCloth
LogPluginManager: Mounting plugin ChaosClothEditor
LogPluginManager: Mounting plugin ChaosEditor
LogPluginManager: Mounting plugin ChaosNiagara
LogPluginManager: Mounting plugin ChaosSolverPlugin
LogPluginManager: Mounting plugin CharacterAI
LogPluginManager: Mounting plugin GeometryCache
LogPluginManager: Mounting plugin GeometryCollectionPlugin
LogPluginManager: Mounting plugin GeometryProcessing
LogPluginManager: Mounting plugin PlanarCut
LogPluginManager: Mounting plugin PlatformCrypto
LogPluginManager: Mounting plugin ProxyLODPlugin
LogPluginManager: Mounting plugin SkeletalReduction
LogPluginManager: Mounting plugin Niagara
LogPluginManager: Mounting plugin MagicLeap
LogPluginManager: Mounting plugin MagicLeapLightEstimation
LogPluginManager: Mounting plugin MagicLeapMedia
LogPluginManager: Mounting plugin MagicLeapPassableWorld
LogPluginManager: Mounting plugin MLSDK
LogPluginManager: Mounting plugin AndroidMedia
LogPluginManager: Mounting plugin AvfMedia
LogPluginManager: Mounting plugin ImgMedia
LogPluginManager: Mounting plugin MediaCompositing
LogPluginManager: Mounting plugin MediaPlayerEditor
LogPluginManager: Mounting plugin WebMMedia
LogPluginManager: Mounting plugin WmfMedia
LogPluginManager: Mounting plugin MeshPainting
LogPluginManager: Mounting plugin TcpMessaging
LogPluginManager: Mounting plugin UdpMessaging
LogPluginManager: Mounting plugin ActorSequence
LogPluginManager: Mounting plugin LevelSequenceEditor
LogPluginManager: Mounting plugin MatineeToLevelSequence
LogPluginManager: Mounting plugin MovieRenderPipeline
LogPluginManager: Mounting plugin TemplateSequence
LogPluginManager: Mounting plugin NetcodeUnitTest
LogPluginManager: Mounting plugin NUTUnrealEngine4
LogPluginManager: Mounting plugin OnlineSubsystemGooglePlay
LogPluginManager: Mounting plugin OnlineSubsystemIOS
LogPluginManager: Mounting plugin OnlineSubsystem
LogPluginManager: Mounting plugin OnlineSubsystemNull
LogPluginManager: Mounting plugin OnlineSubsystemUtils
LogPluginManager: Mounting plugin LauncherChunkInstaller
LogPluginManager: Mounting plugin AndroidDeviceProfileSelector
LogPluginManager: Mounting plugin AndroidMoviePlayer
LogPluginManager: Mounting plugin AndroidPermission
LogPluginManager: Mounting plugin AppleImageUtils
LogPluginManager: Mounting plugin AppleMoviePlayer
LogPluginManager: Mounting plugin ArchVisCharacter
LogPluginManager: Mounting plugin AssetTags
LogPluginManager: Mounting plugin AudioCapture
LogPluginManager: Mounting plugin CableComponent
LogPluginManager: Mounting plugin CustomMeshComponent
LogPluginManager: Mounting plugin EditableMesh
LogPluginManager: Mounting plugin ExampleDeviceProfileSelector
LogPluginManager: Mounting plugin GoogleCloudMessaging
LogPluginManager: Mounting plugin GooglePAD
LogPluginManager: Mounting plugin IOSDeviceProfileSelector
LogPluginManager: Mounting plugin LinuxDeviceProfileSelector
LogPluginManager: Mounting plugin LocationServicesBPLibrary
LogPluginManager: Mounting plugin MobilePatchingUtils
LogPluginManager: Mounting plugin OculusVR
LogPluginManager: Mounting plugin PhysXVehicles
LogPluginManager: Mounting plugin PostSplashScreen
LogPluginManager: Mounting plugin ProceduralMeshComponent
LogPluginManager: Mounting plugin RuntimePhysXCooking
LogPluginManager: Mounting plugin SignificanceManager
LogPluginManager: Mounting plugin SoundFields
LogPluginManager: Mounting plugin SteamVR
LogPluginManager: Mounting plugin Synthesis
LogPluginManager: Mounting plugin WebMMoviePlayer
LogPluginManager: Mounting plugin WindowsMoviePlayer
LogPluginManager: Mounting plugin ScreenshotTools
LogInit: Using libcurl 7.55.1-DEV
LogInit:  - built for x86_64-pc-win32
LogInit:  - supports SSL with OpenSSL/1.1.1
LogInit:  - supports HTTP deflate (compression) using libz 1.2.8
LogInit:  - other features:
LogInit:      CURL_VERSION_SSL
LogInit:      CURL_VERSION_LIBZ
LogInit:      CURL_VERSION_IPV6
LogInit:      CURL_VERSION_ASYNCHDNS
LogInit:      CURL_VERSION_LARGEFILE
LogInit:      CURL_VERSION_IDN
LogInit:  CurlRequestOptions (configurable via config and command line):
LogInit:  - bVerifyPeer = true  - Libcurl will verify peer certificate
LogInit:  - bUseHttpProxy = false  - Libcurl will NOT use HTTP proxy
LogInit:  - bDontReuseConnections = false  - Libcurl will reuse connections
LogInit:  - MaxHostConnections = 16  - Libcurl will limit the number of connections to a host
LogInit:  - LocalHostAddr = Default
LogInit:  - BufferSize = 65536
LogOnline: OSS: Creating online subsystem instance for: NULL
LogInit: WinSock: version 1.1 (2.2), MaxSocks=32767, MaxUdp=65467
LogOnline: OSS: TryLoadSubsystemAndSetDefault: Loaded subsystem for module [NULL]
LogInit: Build: ++UE4+Release-4.25-CL-13942748
LogInit: Engine Version: 4.25.3-13942748+++UE4+Release-4.25
LogInit: Compatible Engine Version: 4.25.0-13144385+++UE4+Release-4.25
LogInit: Net CL: 13144385
LogInit: OS: Windows 10 (Release 1903) (), CPU: Intel(R) Core(TM) i3-4005U CPU @ 1.70GHz, GPU: Intel(R) HD Graphics Family
LogInit: Compiled (64-bit): Jul 25 2020 02:07:48
LogInit: Compiled with Visual C++: 19.24.28315.00
LogInit: Build Configuration: Development
LogInit: Branch Name: ++UE4+Release-4.25
LogInit: Command Line: 
LogInit: Base Directory: C:/Program Files/Epic Games/UE_4.25/Engine/Binaries/Win64/
LogInit: Allocator: TBB
LogInit: Installed Engine Build: 1
LogDevObjectVersion: Number of dev versions registered: 26
LogDevObjectVersion:   Dev-Blueprints (B0D832E4-1F89-4F0D-ACCF-7EB736FD4AA2): 10
LogDevObjectVersion:   Dev-Build (E1C64328-A22C-4D53-A36C-8E866417BD8C): 0
LogDevObjectVersion:   Dev-Core (375EC13C-06E4-48FB-B500-84F0262A717E): 4
LogDevObjectVersion:   Dev-Editor (E4B068ED-F494-42E9-A231-DA0B2E46BB41): 38
LogDevObjectVersion:   Dev-Framework (CFFC743F-43B0-4480-9391-14DF171D2073): 37
LogDevObjectVersion:   Dev-Mobile (B02B49B5-BB20-44E9-A304-32B752E40360): 2
LogDevObjectVersion:   Dev-Networking (A4E4105C-59A1-49B5-A7C5-40C4547EDFEE): 0
LogDevObjectVersion:   Dev-Online (39C831C9-5AE6-47DC-9A44-9C173E1C8E7C): 0
LogDevObjectVersion:   Dev-Physics (78F01B33-EBEA-4F98-B9B4-84EACCB95AA2): 4
LogDevObjectVersion:   Dev-Platform (6631380F-2D4D-43E0-8009-CF276956A95A): 0
LogDevObjectVersion:   Dev-Rendering (12F88B9F-8875-4AFC-A67C-D90C383ABD29): 43
LogDevObjectVersion:   Dev-Sequencer (7B5AE74C-D270-4C10-A958-57980B212A5A): 12
LogDevObjectVersion:   Dev-VR (D7296918-1DD6-4BDD-9DE2-64A83CC13884): 3
LogDevObjectVersion:   Dev-LoadTimes (C2A15278-BFE7-4AFE-6C17-90FF531DF755): 1
LogDevObjectVersion:   Private-Geometry (6EACA3D4-40EC-4CC1-B786-8BED09428FC5): 3
LogDevObjectVersion:   Dev-AnimPhys (29E575DD-E0A3-4627-9D10-D276232CDCEA): 17
LogDevObjectVersion:   Dev-Anim (AF43A65D-7FD3-4947-9873-3E8ED9C1BB05): 7
LogDevObjectVersion:   Dev-ReflectionCapture (6B266CEC-1EC7-4B8F-A30B-E4D90942FC07): 1
LogDevObjectVersion:   Dev-Automation (0DF73D61-A23F-47EA-B727-89E90C41499A): 1
LogDevObjectVersion:   FortniteMain (601D1886-AC64-4F84-AA16-D3DE0DEAC7D6): 31
LogDevObjectVersion:   Dev-Enterprise (9DFFBCD6-494F-0158-E221-12823C92A888): 10
LogDevObjectVersion:   Dev-Niagara (F2AED0AC-9AFE-416F-8664-AA7FFA26D6FC): 1
LogDevObjectVersion:   Dev-Destruction (174F1F0B-B4C6-45A5-B13F-2EE8D0FB917D): 10
LogDevObjectVersion:   Dev-Physics-Ext (35F94A83-E258-406C-A318-09F59610247C): 37
LogDevObjectVersion:   Dev-PhysicsMaterial-Chaos (B68FC16E-8B1B-42E2-B453-215C058844FE): 1
LogDevObjectVersion:   Dev-CineCamera (B2E18506-4273-CFC2-A54E-F4BB758BBA07): 1
LogInit: Presizing for max 25165824 objects, including 0 objects not considered by GC, pre-allocating 0 bytes for permanent pool.
LogConfig: Applying CVar settings from Section [/Script/Engine.StreamingSettings] File [C:/Users/serge/Downloads/InfiniteMatrixStarter/Saved/Config/Windows/Engine.ini]
LogConfig: Setting CVar [[s.MinBulkDataSizeForAsyncLoading:131072]]
LogConfig: Setting CVar [[s.AsyncLoadingThreadEnabled:0]]
LogConfig: Setting CVar [[s.EventDrivenLoaderEnabled:1]]
LogConfig: Setting CVar [[s.WarnIfTimeLimitExceeded:0]]
LogConfig: Setting CVar [[s.TimeLimitExceededMultiplier:1.5]]
LogConfig: Setting CVar [[s.TimeLimitExceededMinTime:0.005]]
LogConfig: Setting CVar [[s.UseBackgroundLevelStreaming:1]]
LogConfig: Setting CVar [[s.PriorityAsyncLoadingExtraTime:15.0]]
LogConfig: Setting CVar [[s.LevelStreamingActorsUpdateTimeLimit:5.0]]
LogConfig: Setting CVar [[s.PriorityLevelStreamingActorsUpdateExtraTime:5.0]]
LogConfig: Setting CVar [[s.LevelStreamingComponentsRegistrationGranularity:10]]
LogConfig: Setting CVar [[s.UnregisterComponentsTimeLimit:1.0]]
LogConfig: Setting CVar [[s.LevelStreamingComponentsUnregistrationGranularity:5]]
LogConfig: Setting CVar [[s.FlushStreamingOnExit:1]]
LogInit: Object subsystem initialized
LogConfig: Setting CVar [[con.DebugEarlyDefault:1]]
LogConfig: Setting CVar [[r.setres:1280x720]]
[2020.09.06-20.19.41:494][  0]LogConfig: Setting CVar [[r.VSync:0]]
[2020.09.06-20.19.41:494][  0]LogConfig: Setting CVar [[r.RHICmdBypass:0]]
[2020.09.06-20.19.41:494][  0]LogConfig: Applying CVar settings from Section [/Script/Engine.RendererSettings] File [C:/Users/serge/Downloads/InfiniteMatrixStarter/Saved/Config/Windows/Engine.ini]
[2020.09.06-20.19.41:494][  0]LogConfig: Setting CVar [[r.GPUCrashDebugging:0]]
[2020.09.06-20.19.41:494][  0]LogConfig: Applying CVar settings from Section [/Script/Engine.RendererOverrideSettings] File [C:/Users/serge/Downloads/InfiniteMatrixStarter/Saved/Config/Windows/Engine.ini]
[2020.09.06-20.19.41:494][  0]LogConfig: Applying CVar settings from Section [/Script/Engine.StreamingSettings] File [C:/Users/serge/Downloads/InfiniteMatrixStarter/Saved/Config/Windows/Engine.ini]
[2020.09.06-20.19.41:494][  0]LogConfig: Setting CVar [[s.MinBulkDataSizeForAsyncLoading:131072]]
[2020.09.06-20.19.41:494][  0]LogConfig: Setting CVar [[s.AsyncLoadingThreadEnabled:0]]
[2020.09.06-20.19.41:494][  0]LogConfig: Setting CVar [[s.EventDrivenLoaderEnabled:1]]
[2020.09.06-20.19.41:494][  0]LogConfig: Setting CVar [[s.WarnIfTimeLimitExceeded:0]]
[2020.09.06-20.19.41:495][  0]LogConfig: Setting CVar [[s.TimeLimitExceededMultiplier:1.5]]
[2020.09.06-20.19.41:495][  0]LogConfig: Setting CVar [[s.TimeLimitExceededMinTime:0.005]]
[2020.09.06-20.19.41:495][  0]LogConfig: Setting CVar [[s.UseBackgroundLevelStreaming:1]]
[2020.09.06-20.19.41:495][  0]LogConfig: Setting CVar [[s.PriorityAsyncLoadingExtraTime:15.0]]
[2020.09.06-20.19.41:495][  0]LogConfig: Setting CVar [[s.LevelStreamingActorsUpdateTimeLimit:5.0]]
[2020.09.06-20.19.41:495][  0]LogConfig: Setting CVar [[s.PriorityLevelStreamingActorsUpdateExtraTime:5.0]]
[2020.09.06-20.19.41:495][  0]LogConfig: Setting CVar [[s.LevelStreamingComponentsRegistrationGranularity:10]]
[2020.09.06-20.19.41:495][  0]LogConfig: Setting CVar [[s.UnregisterComponentsTimeLimit:1.0]]
[2020.09.06-20.19.41:495][  0]LogConfig: Setting CVar [[s.LevelStreamingComponentsUnregistrationGranularity:5]]
[2020.09.06-20.19.41:495][  0]LogConfig: Setting CVar [[s.FlushStreamingOnExit:1]]
[2020.09.06-20.19.41:495][  0]LogConfig: Applying CVar settings from Section [/Script/Engine.GarbageCollectionSettings] File [C:/Users/serge/Downloads/InfiniteMatrixStarter/Saved/Config/Windows/Engine.ini]
[2020.09.06-20.19.41:495][  0]LogConfig: Setting CVar [[gc.MaxObjectsNotConsideredByGC:1]]
[2020.09.06-20.19.41:495][  0]LogConfig: Setting CVar [[gc.SizeOfPermanentObjectPool:0]]
[2020.09.06-20.19.41:495][  0]LogConfig: Setting CVar [[gc.FlushStreamingOnGC:0]]
[2020.09.06-20.19.41:495][  0]LogConfig: Setting CVar [[gc.NumRetriesBeforeForcingGC:10]]
[2020.09.06-20.19.41:495][  0]LogConfig: Setting CVar [[gc.AllowParallelGC:1]]
[2020.09.06-20.19.41:495][  0]LogConfig: Setting CVar [[gc.TimeBetweenPurgingPendingKillObjects:61.1]]
[2020.09.06-20.19.41:495][  0]LogConfig: Setting CVar [[gc.MaxObjectsInEditor:25165824]]
[2020.09.06-20.19.41:495][  0]LogConfig: Setting CVar [[gc.IncrementalBeginDestroyEnabled:1]]
[2020.09.06-20.19.41:495][  0]LogConfig: Setting CVar [[gc.CreateGCClusters:1]]
[2020.09.06-20.19.41:495][  0]LogConfig: Setting CVar [[gc.MinGCClusterSize:5]]
[2020.09.06-20.19.41:495][  0]LogConfig: Setting CVar [[gc.ActorClusteringEnabled:0]]
[2020.09.06-20.19.41:495][  0]LogConfig: Setting CVar [[gc.BlueprintClusteringEnabled:0]]
[2020.09.06-20.19.41:495][  0]LogConfig: Setting CVar [[gc.UseDisregardForGCOnDedicatedServers:0]]
[2020.09.06-20.19.41:495][  0]LogConfig: Applying CVar settings from Section [/Script/Engine.NetworkSettings] File [C:/Users/serge/Downloads/InfiniteMatrixStarter/Saved/Config/Windows/Engine.ini]
[2020.09.06-20.19.41:495][  0]LogConfig: Applying CVar settings from Section [/Script/UnrealEd.CookerSettings] File [C:/Users/serge/Downloads/InfiniteMatrixStarter/Saved/Config/Windows/Engine.ini]
[2020.09.06-20.19.41:506][  0]LogConfig: Applying CVar settings from Section [ViewDistanceQuality@3] File [C:/Users/serge/Downloads/InfiniteMatrixStarter/Saved/Config/Windows/Scalability.ini]
[2020.09.06-20.19.41:506][  0]LogConfig: Setting CVar [[r.SkeletalMeshLODBias:0]]
[2020.09.06-20.19.41:506][  0]LogConfig: Setting CVar [[r.ViewDistanceScale:1.0]]
[2020.09.06-20.19.41:506][  0]LogConfig: Applying CVar settings from Section [AntiAliasingQuality@3] File [C:/Users/serge/Downloads/InfiniteMatrixStarter/Saved/Config/Windows/Scalability.ini]
[2020.09.06-20.19.41:507][  0]LogConfig: Setting CVar [[r.PostProcessAAQuality:4]]
[2020.09.06-20.19.41:507][  0]LogConfig: Applying CVar settings from Section [ShadowQuality@3] File [C:/Users/serge/Downloads/InfiniteMatrixStarter/Saved/Config/Windows/Scalability.ini]
[2020.09.06-20.19.41:507][  0]LogConfig: Setting CVar [[r.LightFunctionQuality:1]]
[2020.09.06-20.19.41:507][  0]LogConfig: Setting CVar [[r.ShadowQuality:5]]
[2020.09.06-20.19.41:507][  0]LogConfig: Setting CVar [[r.Shadow.CSM.MaxCascades:10]]
[2020.09.06-20.19.41:507][  0]LogConfig: Setting CVar [[r.Shadow.MaxResolution:2048]]
[2020.09.06-20.19.41:507][  0]LogConfig: Setting CVar [[r.Shadow.MaxCSMResolution:2048]]
[2020.09.06-20.19.41:507][  0]LogConfig: Setting CVar [[r.Shadow.RadiusThreshold:0.01]]
[2020.09.06-20.19.41:507][  0]LogConfig: Setting CVar [[r.Shadow.DistanceScale:1.0]]
[2020.09.06-20.19.41:507][  0]LogConfig: Setting CVar [[r.Shadow.CSM.TransitionScale:1.0]]
[2020.09.06-20.19.41:507][  0]LogConfig: Setting CVar [[r.Shadow.PreShadowResolutionFactor:1.0]]
[2020.09.06-20.19.41:507][  0]LogConfig: Setting CVar [[r.DistanceFieldShadowing:1]]
[2020.09.06-20.19.41:507][  0]LogConfig: Setting CVar [[r.DistanceFieldAO:1]]
[2020.09.06-20.19.41:507][  0]LogConfig: Setting CVar [[r.AOQuality:2]]
[2020.09.06-20.19.41:507][  0]LogConfig: Setting CVar [[r.VolumetricFog:1]]
[2020.09.06-20.19.41:507][  0]LogConfig: Setting CVar [[r.VolumetricFog.GridPixelSize:8]]
[2020.09.06-20.19.41:507][  0]LogConfig: Setting CVar [[r.VolumetricFog.GridSizeZ:128]]
[2020.09.06-20.19.41:507][  0]LogConfig: Setting CVar [[r.VolumetricFog.HistoryMissSupersampleCount:4]]
[2020.09.06-20.19.41:507][  0]LogConfig: Setting CVar [[r.LightMaxDrawDistanceScale:1]]
[2020.09.06-20.19.41:507][  0]LogConfig: Setting CVar [[r.CapsuleShadows:1]]
[2020.09.06-20.19.41:508][  0]LogConfig: Applying CVar settings from Section [PostProcessQuality@3] File [C:/Users/serge/Downloads/InfiniteMatrixStarter/Saved/Config/Windows/Scalability.ini]
[2020.09.06-20.19.41:508][  0]LogConfig: Setting CVar [[r.MotionBlurQuality:4]]
[2020.09.06-20.19.41:508][  0]LogConfig: Setting CVar [[r.AmbientOcclusionMipLevelFactor:0.4]]
[2020.09.06-20.19.41:508][  0]LogConfig: Setting CVar [[r.AmbientOcclusionMaxQuality:100]]
[2020.09.06-20.19.41:508][  0]LogConfig: Setting CVar [[r.AmbientOcclusionLevels:-1]]
[2020.09.06-20.19.41:508][  0]LogConfig: Setting CVar [[r.AmbientOcclusionRadiusScale:1.0]]
[2020.09.06-20.19.41:508][  0]LogConfig: Setting CVar [[r.DepthOfFieldQuality:2]]
[2020.09.06-20.19.41:508][  0]LogConfig: Setting CVar [[r.RenderTargetPoolMin:400]]
[2020.09.06-20.19.41:508][  0]LogConfig: Setting CVar [[r.LensFlareQuality:2]]
[2020.09.06-20.19.41:508][  0]LogConfig: Setting CVar [[r.SceneColorFringeQuality:1]]
[2020.09.06-20.19.41:508][  0]LogConfig: Setting CVar [[r.EyeAdaptationQuality:2]]
[2020.09.06-20.19.41:508][  0]LogConfig: Setting CVar [[r.BloomQuality:5]]
[2020.09.06-20.19.41:508][  0]LogConfig: Setting CVar [[r.FastBlurThreshold:100]]
[2020.09.06-20.19.41:508][  0]LogConfig: Setting CVar [[r.Upscale.Quality:3]]
[2020.09.06-20.19.41:508][  0]LogConfig: Setting CVar [[r.Tonemapper.GrainQuantization:1]]
[2020.09.06-20.19.41:508][  0]LogConfig: Setting CVar [[r.LightShaftQuality:1]]
[2020.09.06-20.19.41:508][  0]LogConfig: Setting CVar [[r.Filter.SizeScale:1]]
[2020.09.06-20.19.41:508][  0]LogConfig: Setting CVar [[r.Tonemapper.Quality:5]]
[2020.09.06-20.19.41:508][  0]LogConfig: Setting CVar [[r.DOF.Gather.AccumulatorQuality:1        ; higher gathering accumulator quality]]
[2020.09.06-20.19.41:508][  0]LogConfig: Setting CVar [[r.DOF.Gather.PostfilterMethod:1          ; Median3x3 postfilering method]]
[2020.09.06-20.19.41:508][  0]LogConfig: Setting CVar [[r.DOF.Gather.EnableBokehSettings:0       ; no bokeh simulation when gathering]]
[2020.09.06-20.19.41:509][  0]LogConfig: Setting CVar [[r.DOF.Gather.RingCount:4                 ; medium number of samples when gathering]]
[2020.09.06-20.19.41:509][  0]LogConfig: Setting CVar [[r.DOF.Scatter.ForegroundCompositing:1    ; additive foreground scattering]]
[2020.09.06-20.19.41:509][  0]LogConfig: Setting CVar [[r.DOF.Scatter.BackgroundCompositing:2    ; additive background scattering]]
[2020.09.06-20.19.41:509][  0]LogConfig: Setting CVar [[r.DOF.Scatter.EnableBokehSettings:1      ; bokeh simulation when scattering]]
[2020.09.06-20.19.41:509][  0]LogConfig: Setting CVar [[r.DOF.Scatter.MaxSpriteRatio:0.1         ; only a maximum of 10% of scattered bokeh]]
[2020.09.06-20.19.41:509][  0]LogConfig: Setting CVar [[r.DOF.Recombine.Quality:1                ; cheap slight out of focus]]
[2020.09.06-20.19.41:509][  0]LogConfig: Setting CVar [[r.DOF.Recombine.EnableBokehSettings:0    ; no bokeh simulation on slight out of focus]]
[2020.09.06-20.19.41:509][  0]LogConfig: Setting CVar [[r.DOF.TemporalAAQuality:1                ; more stable temporal accumulation]]
[2020.09.06-20.19.41:509][  0]LogConfig: Setting CVar [[r.DOF.Kernel.MaxForegroundRadius:0.025]]
[2020.09.06-20.19.41:509][  0]LogConfig: Setting CVar [[r.DOF.Kernel.MaxBackgroundRadius:0.025]]
[2020.09.06-20.19.41:509][  0]LogConfig: Applying CVar settings from Section [TextureQuality@3] File [C:/Users/serge/Downloads/InfiniteMatrixStarter/Saved/Config/Windows/Scalability.ini]
[2020.09.06-20.19.41:509][  0]LogConfig: Setting CVar [[r.Streaming.MipBias:0]]
[2020.09.06-20.19.41:509][  0]LogConfig: Setting CVar [[r.Streaming.AmortizeCPUToGPUCopy:0]]
[2020.09.06-20.19.41:509][  0]LogConfig: Setting CVar [[r.Streaming.MaxNumTexturesToStreamPerFrame:0]]
[2020.09.06-20.19.41:509][  0]LogConfig: Setting CVar [[r.Streaming.Boost:1]]
[2020.09.06-20.19.41:509][  0]LogConfig: Setting CVar [[r.MaxAnisotropy:8]]
[2020.09.06-20.19.41:509][  0]LogConfig: Setting CVar [[r.VT.MaxAnisotropy:8]]
[2020.09.06-20.19.41:509][  0]LogConfig: Setting CVar [[r.Streaming.LimitPoolSizeToVRAM:0]]
[2020.09.06-20.19.41:509][  0]LogConfig: Setting CVar [[r.Streaming.PoolSize:1000]]
[2020.09.06-20.19.41:509][  0]LogConfig: Setting CVar [[r.Streaming.MaxEffectiveScreenSize:0]]
[2020.09.06-20.19.41:509][  0]LogConfig: Applying CVar settings from Section [EffectsQuality@3] File [C:/Users/serge/Downloads/InfiniteMatrixStarter/Saved/Config/Windows/Scalability.ini]
[2020.09.06-20.19.41:510][  0]LogConfig: Setting CVar [[r.TranslucencyLightingVolumeDim:64]]
[2020.09.06-20.19.41:510][  0]LogConfig: Setting CVar [[r.RefractionQuality:2]]
[2020.09.06-20.19.41:510][  0]LogConfig: Setting CVar [[r.SSR.Quality:3]]
[2020.09.06-20.19.41:510][  0]LogConfig: Setting CVar [[r.SSR.HalfResSceneColor:0]]
[2020.09.06-20.19.41:510][  0]LogConfig: Setting CVar [[r.SceneColorFormat:4]]
[2020.09.06-20.19.41:510][  0]LogConfig: Setting CVar [[r.DetailMode:2]]
[2020.09.06-20.19.41:510][  0]LogConfig: Setting CVar [[r.TranslucencyVolumeBlur:1]]
[2020.09.06-20.19.41:510][  0]LogConfig: Setting CVar [[r.MaterialQualityLevel:1 ; High quality]]
[2020.09.06-20.19.41:510][  0]LogConfig: Setting CVar [[r.SSS.Scale:1]]
[2020.09.06-20.19.41:510][  0]LogConfig: Setting CVar [[r.SSS.SampleSet:2]]
[2020.09.06-20.19.41:510][  0]LogConfig: Setting CVar [[r.SSS.Quality:1]]
[2020.09.06-20.19.41:510][  0]LogConfig: Setting CVar [[r.SSS.HalfRes:0]]
[2020.09.06-20.19.41:510][  0]LogConfig: Setting CVar [[r.SSGI.Quality:3]]
[2020.09.06-20.19.41:510][  0]LogConfig: Setting CVar [[r.EmitterSpawnRateScale:1.0]]
[2020.09.06-20.19.41:510][  0]LogConfig: Setting CVar [[r.ParticleLightQuality:2]]
[2020.09.06-20.19.41:510][  0]LogConfig: Setting CVar [[r.SkyAtmosphere.AerialPerspectiveLUT.FastApplyOnOpaque:1 ; Always have FastSkyLUT 1 in this case to avoid wrong sky]]
[2020.09.06-20.19.41:510][  0]LogConfig: Setting CVar [[r.SkyAtmosphere.AerialPerspectiveLUT.SampleCountPerSlice:1]]
[2020.09.06-20.19.41:510][  0]LogConfig: Setting CVar [[r.SkyAtmosphere.AerialPerspectiveLUT.DepthResolution:16.0]]
[2020.09.06-20.19.41:510][  0]LogConfig: Setting CVar [[r.SkyAtmosphere.FastSkyLUT:1]]
[2020.09.06-20.19.41:510][  0]LogConfig: Setting CVar [[r.SkyAtmosphere.FastSkyLUT.SampleCountMin:4.0]]
[2020.09.06-20.19.41:510][  0]LogConfig: Setting CVar [[r.SkyAtmosphere.FastSkyLUT.SampleCountMax:32.0]]
[2020.09.06-20.19.41:511][  0]LogConfig: Setting CVar [[r.SkyAtmosphere.SampleCountMin:4.0]]
[2020.09.06-20.19.41:511][  0]LogConfig: Setting CVar [[r.SkyAtmosphere.SampleCountMax:32.0]]
[2020.09.06-20.19.41:511][  0]LogConfig: Setting CVar [[r.SkyAtmosphere.TransmittanceLUT.UseSmallFormat:0]]
[2020.09.06-20.19.41:511][  0]LogConfig: Setting CVar [[r.SkyAtmosphere.TransmittanceLUT.SampleCount:10.0]]
[2020.09.06-20.19.41:511][  0]LogConfig: Setting CVar [[r.SkyAtmosphere.MultiScatteringLUT.SampleCount:15.0]]
[2020.09.06-20.19.41:511][  0]LogConfig: Applying CVar settings from Section [FoliageQuality@3] File [C:/Users/serge/Downloads/InfiniteMatrixStarter/Saved/Config/Windows/Scalability.ini]
[2020.09.06-20.19.41:511][  0]LogConfig: Setting CVar [[foliage.DensityScale:1.0]]
[2020.09.06-20.19.41:511][  0]LogConfig: Setting CVar [[grass.DensityScale:1.0]]
[2020.09.06-20.19.41:511][  0]LogConfig: Applying CVar settings from Section [ShadingQuality@3] File [C:/Users/serge/Downloads/InfiniteMatrixStarter/Saved/Config/Windows/Scalability.ini]
[2020.09.06-20.19.41:511][  0]LogConfig: Setting CVar [[r.HairStrands.SkyLighting.SampleCount:16]]
[2020.09.06-20.19.41:511][  0]LogConfig: Setting CVar [[r.HairStrands.SkyLighting.JitterIntegration:0]]
[2020.09.06-20.19.41:511][  0]LogConfig: Setting CVar [[r.HairStrands.SkyAO.SampleCount:16]]
[2020.09.06-20.19.41:511][  0]LogConfig: Setting CVar [[r.HairStrands.DeepShadow.SuperSampling:0]]
[2020.09.06-20.19.41:511][  0]LogConfig: Setting CVar [[r.HairStrands.VisibilityPPLL:0]]
[2020.09.06-20.19.41:511][  0]LogConfig: Setting CVar [[r.HairStrands.RasterizationScale:0.5]]
[2020.09.06-20.19.41:511][  0]LogConfig: Setting CVar [[r.HairStrands.VelocityRasterizationScale:1]]
[2020.09.06-20.19.41:511][  0]LogInit: Selected Device Profile: [Windows]
[2020.09.06-20.19.41:511][  0]LogInit: Applying CVar settings loaded from the selected device profile: [Windows]
[2020.09.06-20.19.41:512][  0]LogHAL: Display: Platform has ~ 8 GB [8518459392 / 8589934592 / 8], which maps to Default [LargestMinGB=32, LargerMinGB=12, DefaultMinGB=8, SmallerMinGB=6, SmallestMinGB=0)
[2020.09.06-20.19.41:512][  0]LogInit: Going up to parent DeviceProfile []
[2020.09.06-20.19.41:512][  0]LogConfig: Applying CVar settings from Section [ViewDistanceQuality@0] File [C:/Users/serge/Downloads/InfiniteMatrixStarter/Saved/Config/Windows/Scalability.ini]
[2020.09.06-20.19.41:512][  0]LogConfig: Setting CVar [[r.SkeletalMeshLODBias:2]]
[2020.09.06-20.19.41:512][  0]LogConfig: Setting CVar [[r.ViewDistanceScale:0.4]]
[2020.09.06-20.19.41:512][  0]LogConfig: Applying CVar settings from Section [AntiAliasingQuality@0] File [C:/Users/serge/Downloads/InfiniteMatrixStarter/Saved/Config/Windows/Scalability.ini]
[2020.09.06-20.19.41:512][  0]LogConfig: Setting CVar [[r.PostProcessAAQuality:0]]
[2020.09.06-20.19.41:512][  0]LogConfig: Applying CVar settings from Section [ShadowQuality@0] File [C:/Users/serge/Downloads/InfiniteMatrixStarter/Saved/Config/Windows/Scalability.ini]
[2020.09.06-20.19.41:512][  0]LogConfig: Setting CVar [[r.LightFunctionQuality:0]]
[2020.09.06-20.19.41:512][  0]LogConfig: Setting CVar [[r.ShadowQuality:0]]
[2020.09.06-20.19.41:512][  0]LogConfig: Setting CVar [[r.Shadow.CSM.MaxCascades:1]]
[2020.09.06-20.19.41:512][  0]LogConfig: Setting CVar [[r.Shadow.MaxResolution:512]]
[2020.09.06-20.19.41:512][  0]LogConfig: Setting CVar [[r.Shadow.MaxCSMResolution:512]]
[2020.09.06-20.19.41:512][  0]LogConfig: Setting CVar [[r.Shadow.RadiusThreshold:0.06]]
[2020.09.06-20.19.41:512][  0]LogConfig: Setting CVar [[r.Shadow.DistanceScale:0.6]]
[2020.09.06-20.19.41:512][  0]LogConfig: Setting CVar [[r.Shadow.CSM.TransitionScale:0]]
[2020.09.06-20.19.41:513][  0]LogConfig: Setting CVar [[r.Shadow.PreShadowResolutionFactor:0.5]]
[2020.09.06-20.19.41:513][  0]LogConfig: Setting CVar [[r.DistanceFieldShadowing:0]]
[2020.09.06-20.19.41:513][  0]LogConfig: Setting CVar [[r.DistanceFieldAO:0]]
[2020.09.06-20.19.41:513][  0]LogConfig: Setting CVar [[r.VolumetricFog:0]]
[2020.09.06-20.19.41:513][  0]LogConfig: Setting CVar [[r.LightMaxDrawDistanceScale:0]]
[2020.09.06-20.19.41:513][  0]LogConfig: Setting CVar [[r.CapsuleShadows:0]]
[2020.09.06-20.19.41:513][  0]LogConfig: Applying CVar settings from Section [PostProcessQuality@0] File [C:/Users/serge/Downloads/InfiniteMatrixStarter/Saved/Config/Windows/Scalability.ini]
[2020.09.06-20.19.41:513][  0]LogConfig: Setting CVar [[r.MotionBlurQuality:0]]
[2020.09.06-20.19.41:513][  0]LogConfig: Setting CVar [[r.AmbientOcclusionMipLevelFactor:1.0]]
[2020.09.06-20.19.41:513][  0]LogConfig: Setting CVar [[r.AmbientOcclusionMaxQuality:0]]
[2020.09.06-20.19.41:513][  0]LogConfig: Setting CVar [[r.AmbientOcclusionLevels:0]]
[2020.09.06-20.19.41:513][  0]LogConfig: Setting CVar [[r.AmbientOcclusionRadiusScale:1.2]]
[2020.09.06-20.19.41:513][  0]LogConfig: Setting CVar [[r.DepthOfFieldQuality:0]]
[2020.09.06-20.19.41:513][  0]LogConfig: Setting CVar [[r.RenderTargetPoolMin:300]]
[2020.09.06-20.19.41:513][  0]LogConfig: Setting CVar [[r.LensFlareQuality:0]]
[2020.09.06-20.19.41:513][  0]LogConfig: Setting CVar [[r.SceneColorFringeQuality:0]]
[2020.09.06-20.19.41:513][  0]LogConfig: Setting CVar [[r.EyeAdaptationQuality:0]]
[2020.09.06-20.19.41:513][  0]LogConfig: Setting CVar [[r.BloomQuality:4]]
[2020.09.06-20.19.41:513][  0]LogConfig: Setting CVar [[r.FastBlurThreshold:0]]
[2020.09.06-20.19.41:513][  0]LogConfig: Setting CVar [[r.Upscale.Quality:1]]
[2020.09.06-20.19.41:513][  0]LogConfig: Setting CVar [[r.Tonemapper.GrainQuantization:0]]
[2020.09.06-20.19.41:513][  0]LogConfig: Setting CVar [[r.LightShaftQuality:0]]
[2020.09.06-20.19.41:514][  0]LogConfig: Setting CVar [[r.Filter.SizeScale:0.6]]
[2020.09.06-20.19.41:514][  0]LogConfig: Setting CVar [[r.Tonemapper.Quality:0]]
[2020.09.06-20.19.41:514][  0]LogConfig: Applying CVar settings from Section [TextureQuality@0] File [C:/Users/serge/Downloads/InfiniteMatrixStarter/Saved/Config/Windows/Scalability.ini]
[2020.09.06-20.19.41:514][  0]LogConfig: Setting CVar [[r.Streaming.MipBias:16]]
[2020.09.06-20.19.41:514][  0]LogConfig: Setting CVar [[r.Streaming.AmortizeCPUToGPUCopy:1]]
[2020.09.06-20.19.41:514][  0]LogConfig: Setting CVar [[r.Streaming.MaxNumTexturesToStreamPerFrame:1]]
[2020.09.06-20.19.41:514][  0]LogConfig: Setting CVar [[r.Streaming.Boost:0.3]]
[2020.09.06-20.19.41:514][  0]LogConfig: Setting CVar [[r.MaxAnisotropy:0]]
[2020.09.06-20.19.41:514][  0]LogConfig: Setting CVar [[r.VT.MaxAnisotropy:4]]
[2020.09.06-20.19.41:514][  0]LogConfig: Setting CVar [[r.Streaming.LimitPoolSizeToVRAM:1]]
[2020.09.06-20.19.41:514][  0]LogConfig: Setting CVar [[r.Streaming.PoolSize:400]]
[2020.09.06-20.19.41:514][  0]LogConfig: Setting CVar [[r.Streaming.MaxEffectiveScreenSize:0]]
[2020.09.06-20.19.41:514][  0]LogConfig: Applying CVar settings from Section [EffectsQuality@0] File [C:/Users/serge/Downloads/InfiniteMatrixStarter/Saved/Config/Windows/Scalability.ini]
[2020.09.06-20.19.41:514][  0]LogConfig: Setting CVar [[r.TranslucencyLightingVolumeDim:24]]
[2020.09.06-20.19.41:514][  0]LogConfig: Setting CVar [[r.RefractionQuality:0]]
[2020.09.06-20.19.41:514][  0]LogConfig: Setting CVar [[r.SSR.Quality:0]]
[2020.09.06-20.19.41:514][  0]LogConfig: Setting CVar [[r.SSR.HalfResSceneColor:1]]
[2020.09.06-20.19.41:514][  0]LogConfig: Setting CVar [[r.SceneColorFormat:3]]
[2020.09.06-20.19.41:514][  0]LogConfig: Setting CVar [[r.DetailMode:0]]
[2020.09.06-20.19.41:514][  0]LogConfig: Setting CVar [[r.TranslucencyVolumeBlur:0]]
[2020.09.06-20.19.41:514][  0]LogConfig: Setting CVar [[r.MaterialQualityLevel:0 ; Low quality]]
[2020.09.06-20.19.41:514][  0]LogConfig: Setting CVar [[r.SSS.Scale:0]]
[2020.09.06-20.19.41:514][  0]LogConfig: Setting CVar [[r.SSS.SampleSet:0]]
[2020.09.06-20.19.41:514][  0]LogConfig: Setting CVar [[r.SSS.Quality:0]]
[2020.09.06-20.19.41:514][  0]LogConfig: Setting CVar [[r.SSS.HalfRes:1]]
[2020.09.06-20.19.41:514][  0]LogConfig: Setting CVar [[r.SSGI.Quality:0]]
[2020.09.06-20.19.41:514][  0]LogConfig: Setting CVar [[r.EmitterSpawnRateScale:0.125]]
[2020.09.06-20.19.41:514][  0]LogConfig: Setting CVar [[r.ParticleLightQuality:0]]
[2020.09.06-20.19.41:514][  0]LogConfig: Setting CVar [[r.SkyAtmosphere.AerialPerspectiveLUT.FastApplyOnOpaque:1 ; Always have FastSkyLUT 1 in this case to avoid wrong sky]]
[2020.09.06-20.19.41:514][  0]LogConfig: Setting CVar [[r.SkyAtmosphere.AerialPerspectiveLUT.SampleCountPerSlice:1]]
[2020.09.06-20.19.41:514][  0]LogConfig: Setting CVar [[r.SkyAtmosphere.AerialPerspectiveLUT.DepthResolution:8.0]]
[2020.09.06-20.19.41:514][  0]LogConfig: Setting CVar [[r.SkyAtmosphere.FastSkyLUT:1]]
[2020.09.06-20.19.41:514][  0]LogConfig: Setting CVar [[r.SkyAtmosphere.FastSkyLUT.SampleCountMin:2.0]]
[2020.09.06-20.19.41:515][  0]LogConfig: Setting CVar [[r.SkyAtmosphere.FastSkyLUT.SampleCountMax:16.0]]
[2020.09.06-20.19.41:515][  0]LogConfig: Setting CVar [[r.SkyAtmosphere.SampleCountMin:2.0]]
[2020.09.06-20.19.41:515][  0]LogConfig: Setting CVar [[r.SkyAtmosphere.SampleCountMax:16.0]]
[2020.09.06-20.19.41:515][  0]LogConfig: Setting CVar [[r.SkyAtmosphere.TransmittanceLUT.UseSmallFormat:1]]
[2020.09.06-20.19.41:515][  0]LogConfig: Setting CVar [[r.SkyAtmosphere.TransmittanceLUT.SampleCount:10.0]]
[2020.09.06-20.19.41:515][  0]LogConfig: Setting CVar [[r.SkyAtmosphere.MultiScatteringLUT.SampleCount:15.0]]
[2020.09.06-20.19.41:515][  0]LogConfig: Applying CVar settings from Section [FoliageQuality@0] File [C:/Users/serge/Downloads/InfiniteMatrixStarter/Saved/Config/Windows/Scalability.ini]
[2020.09.06-20.19.41:515][  0]LogConfig: Setting CVar [[foliage.DensityScale:0]]
[2020.09.06-20.19.41:515][  0]LogConfig: Setting CVar [[grass.DensityScale:0]]
[2020.09.06-20.19.41:515][  0]LogConfig: Applying CVar settings from Section [ShadingQuality@0] File [C:/Users/serge/Downloads/InfiniteMatrixStarter/Saved/Config/Windows/Scalability.ini]
[2020.09.06-20.19.41:515][  0]LogConfig: Setting CVar [[r.HairStrands.SkyLighting.SampleCount:8]]
[2020.09.06-20.19.41:515][  0]LogConfig: Setting CVar [[r.HairStrands.SkyLighting.JitterIntegration:0]]
[2020.09.06-20.19.41:515][  0]LogConfig: Setting CVar [[r.HairStrands.SkyAO.SampleCount:8]]
[2020.09.06-20.19.41:515][  0]LogConfig: Setting CVar [[r.HairStrands.DeepShadow.SuperSampling:0]]
[2020.09.06-20.19.41:515][  0]LogConfig: Setting CVar [[r.HairStrands.VisibilityPPLL:0]]
[2020.09.06-20.19.41:515][  0]LogConfig: Setting CVar [[r.HairStrands.RasterizationScale:0.5]]
[2020.09.06-20.19.41:515][  0]LogConfig: Setting CVar [[r.HairStrands.VelocityRasterizationScale:1]]
[2020.09.06-20.19.41:515][  0]LogConfig: Applying CVar settings from Section [Startup] File [../../../Engine/Config/ConsoleVariables.ini]
[2020.09.06-20.19.41:516][  0]LogConfig: Setting CVar [[net.UseAdaptiveNetUpdateFrequency:0]]
[2020.09.06-20.19.41:516][  0]LogConfig: Setting CVar [[p.chaos.AllowCreatePhysxBodies:1]]
[2020.09.06-20.19.41:517][  0]LogConfig: Setting CVar [[fx.SkipVectorVMBackendOptimizations:1]]
[2020.09.06-20.19.41:517][  0]LogConfig: Applying CVar settings from Section [ConsoleVariables] File [C:/Users/serge/Downloads/InfiniteMatrixStarter/Saved/Config/Windows/Engine.ini]
[2020.09.06-20.19.41:517][  0]LogInit: Computer: HP
[2020.09.06-20.19.41:517][  0]LogInit: User: serge
[2020.09.06-20.19.41:517][  0]LogInit: CPU Page size=4096, Cores=2
[2020.09.06-20.19.41:517][  0]LogInit: High frequency timer resolution =10.000000 MHz
[2020.09.06-20.19.41:518][  0]LogMemory: Memory total: Physical=7.9GB (8GB approx)
[2020.09.06-20.19.41:518][  0]LogMemory: Platform Memory Stats for Windows
[2020.09.06-20.19.41:518][  0]LogMemory: Process Physical Memory: 113.72 MB used, 113.73 MB peak
[2020.09.06-20.19.41:518][  0]LogMemory: Process Virtual Memory: 103.31 MB used, 103.31 MB peak
[2020.09.06-20.19.41:518][  0]LogMemory: Physical Memory: 4293.78 MB used,  3830.06 MB free, 8123.84 MB total
[2020.09.06-20.19.41:518][  0]LogMemory: Virtual Memory: 5131.61 MB used,  134212600.00 MB free, 134217728.00 MB total
[2020.09.06-20.19.41:556][  0]LogWindows: WindowsPlatformFeatures enabled
[2020.09.06-20.19.41:787][  0]LogInit: Physics initialised using underlying interface: PhysX
[2020.09.06-20.19.41:792][  0]LogInit: Using OS detected language (ru-RU).
[2020.09.06-20.19.41:793][  0]LogInit: Using OS detected locale (ru-RU).
[2020.09.06-20.19.41:832][  0]LogTextLocalizationManager: No specific localization for 'ru-RU' exists, so the 'ru' localization will be used.
[2020.09.06-20.19.41:833][  0]LogTextLocalizationResource: LocRes '../../../Engine/Content/Localization/Editor/ru/Editor.locres' could not be opened for reading!
[2020.09.06-20.19.41:834][  0]LogTextLocalizationResource: LocRes '../../../Engine/Content/Localization/EditorTutorials/ru/EditorTutorials.locres' could not be opened for reading!
[2020.09.06-20.19.41:835][  0]LogTextLocalizationResource: LocRes '../../../Engine/Content/Localization/Keywords/ru/Keywords.locres' could not be opened for reading!
[2020.09.06-20.19.41:835][  0]LogTextLocalizationResource: LocRes '../../../Engine/Content/Localization/Category/ru/Category.locres' could not be opened for reading!
[2020.09.06-20.19.41:836][  0]LogTextLocalizationResource: LocRes '../../../Engine/Content/Localization/ToolTips/ru/ToolTips.locres' could not be opened for reading!
[2020.09.06-20.19.41:837][  0]LogTextLocalizationResource: LocRes '../../../Engine/Content/Localization/PropertyNames/ru/PropertyNames.locres' could not be opened for reading!
[2020.09.06-20.19.41:838][  0]LogTextLocalizationResource: LocRes '../../../Engine/Content/Localization/Engine/ru/Engine.locres' could not be opened for reading!
[2020.09.06-20.19.41:844][  0]LogInit: Setting process to per monitor DPI aware
[2020.09.06-20.19.41:958][  0]LogSlate: New Slate User Created.  User Index 0, Is Virtual User: 0
[2020.09.06-20.19.41:958][  0]LogSlate: Slate User Registered.  User Index 0, Is Virtual User: 0
[2020.09.06-20.19.43:434][  0]LogHMD: Failed to initialize OpenVR with code 110
[2020.09.06-20.19.43:434][  0]LogD3D11RHI: D3D11 min allowed feature level: 11_0
[2020.09.06-20.19.43:434][  0]LogD3D11RHI: D3D11 max allowed feature level: 11_0
[2020.09.06-20.19.43:434][  0]LogD3D11RHI: D3D11 adapters:
[2020.09.06-20.19.43:582][  0]LogD3D11RHI:    0. 'NVIDIA GeForce 820M' (Feature Level 11_0)
[2020.09.06-20.19.43:582][  0]LogD3D11RHI:       2000/0/4061 MB DedicatedVideo/DedicatedSystem/SharedSystem, Outputs:1, VendorId:0x10de
[2020.09.06-20.19.43:610][  0]LogD3D11RHI:    1. 'Intel(R) HD Graphics Family' (Feature Level 11_0)
[2020.09.06-20.19.43:610][  0]LogD3D11RHI:       112/0/2048 MB DedicatedVideo/DedicatedSystem/SharedSystem, Outputs:0, VendorId:0x8086
[2020.09.06-20.19.43:621][  0]LogD3D11RHI:    2. 'Microsoft Basic Render Driver' (Feature Level 11_0)
[2020.09.06-20.19.43:621][  0]LogD3D11RHI:       0/0/4061 MB DedicatedVideo/DedicatedSystem/SharedSystem, Outputs:0, VendorId:0x1414
[2020.09.06-20.19.43:622][  0]LogD3D11RHI: Chosen D3D11 Adapter: 0
[2020.09.06-20.19.43:687][  0]LogD3D11RHI: Creating new Direct3DDevice
[2020.09.06-20.19.43:687][  0]LogD3D11RHI:     GPU DeviceId: 0x1140 (for the marketing name, search the web for "GPU Device Id")
[2020.09.06-20.19.43:688][  0]LogWindows: EnumDisplayDevices:
[2020.09.06-20.19.43:688][  0]LogWindows:    0. 'Intel(R) HD Graphics Family' (P:1 D:1)
[2020.09.06-20.19.43:690][  0]LogWindows:    1. 'Intel(R) HD Graphics Family' (P:0 D:0)
[2020.09.06-20.19.43:692][  0]LogWindows:    2. 'Intel(R) HD Graphics Family' (P:0 D:0)
[2020.09.06-20.19.43:693][  0]LogWindows: DebugString: PrimaryIsNotTheChoosenAdapter PrimaryIsNotTheChoosenAdapter PrimaryIsNotTheChoosenAdapter FoundDriverCount:0 
[2020.09.06-20.19.43:693][  0]LogD3D11RHI:     Adapter Name: NVIDIA GeForce 820M
[2020.09.06-20.19.43:693][  0]LogD3D11RHI:   Driver Version: Unknown (internal:Unknown, unified:Unknown)
[2020.09.06-20.19.43:693][  0]LogD3D11RHI:      Driver Date: Unknown
[2020.09.06-20.19.43:694][  0]LogRHI: Texture pool is 1400 MB (70% of 2000 MB)
[2020.09.06-20.19.43:789][  0]LogD3D11RHI: Display: Timestamp queries are currently disabled on this hardware due to instability. Realtime GPU stats will not be available. You can override this behaviour by setting r.NVIDIATimestampWorkaround to 0
[2020.09.06-20.19.43:789][  0]LogD3D11RHI: RHI does not have support for 64 bit atomics
[2020.09.06-20.19.43:792][  0]LogD3D11RHI: [Aftermath] Enabled and primed
[2020.09.06-20.19.43:792][  0]LogD3D11RHI: Async texture creation enabled
[2020.09.06-20.19.43:833][  0]LogD3D11RHI: GPU Timing Frequency: 1000.000000 (Debug: 2 1)
[2020.09.06-20.19.45:330][  0]LogTargetPlatformManager: Display: Loaded TargetPlatform 'AllDesktop'
[2020.09.06-20.19.45:426][  0]LogTargetPlatformManager: Display: Loaded TargetPlatform 'Android'
[2020.09.06-20.19.45:426][  0]LogTargetPlatformManager: Display: Loaded TargetPlatform 'Android_ASTC'
[2020.09.06-20.19.45:426][  0]LogTargetPlatformManager: Display: Loaded TargetPlatform 'Android_DXT'
[2020.09.06-20.19.45:426][  0]LogTargetPlatformManager: Display: Loaded TargetPlatform 'Android_ETC2'
[2020.09.06-20.19.45:426][  0]LogTargetPlatformManager: Display: Loaded TargetPlatform 'AndroidClient'
[2020.09.06-20.19.45:426][  0]LogTargetPlatformManager: Display: Loaded TargetPlatform 'Android_ASTCClient'
[2020.09.06-20.19.45:426][  0]LogTargetPlatformManager: Display: Loaded TargetPlatform 'Android_DXTClient'
[2020.09.06-20.19.45:426][  0]LogTargetPlatformManager: Display: Loaded TargetPlatform 'Android_ETC2Client'
[2020.09.06-20.19.45:426][  0]LogTargetPlatformManager: Display: Loaded TargetPlatform 'Android_Multi'
[2020.09.06-20.19.45:426][  0]LogTargetPlatformManager: Display: Loaded TargetPlatform 'Android_MultiClient'
[2020.09.06-20.19.45:547][  0]LogTargetPlatformManager: Display: Loaded TargetPlatform 'IOSClient'
[2020.09.06-20.19.45:547][  0]LogTargetPlatformManager: Display: Loaded TargetPlatform 'IOS'
[2020.09.06-20.19.45:597][  0]LogTargetPlatformManager: Display: Loaded TargetPlatform 'Linux'
[2020.09.06-20.19.45:641][  0]LogTargetPlatformManager: Display: Loaded TargetPlatform 'LinuxNoEditor'
[2020.09.06-20.19.45:686][  0]LogTargetPlatformManager: Display: Loaded TargetPlatform 'LinuxClient'
[2020.09.06-20.19.45:733][  0]LogTargetPlatformManager: Display: Loaded TargetPlatform 'LinuxServer'
[2020.09.06-20.19.45:775][  0]LogTargetPlatformManager: Display: Loaded TargetPlatform 'LinuxAArch64NoEditor'
[2020.09.06-20.19.45:822][  0]LogTargetPlatformManager: Display: Loaded TargetPlatform 'LinuxAArch64Client'
[2020.09.06-20.19.45:863][  0]LogTargetPlatformManager: Display: Loaded TargetPlatform 'LinuxAArch64Server'
[2020.09.06-20.19.45:990][  0]LogTargetPlatformManager: Display: Loaded TargetPlatform 'Lumin'
[2020.09.06-20.19.45:990][  0]LogTargetPlatformManager: Display: Loaded TargetPlatform 'LuminClient'
[2020.09.06-20.19.46:068][  0]LogTargetPlatformManager: Display: Loaded TargetPlatform 'TVOSClient'
[2020.09.06-20.19.46:068][  0]LogTargetPlatformManager: Display: Loaded TargetPlatform 'TVOS'
[2020.09.06-20.19.46:107][  0]LogTargetPlatformManager: Display: Loaded TargetPlatform 'WindowsNoEditor'
[2020.09.06-20.19.46:152][  0]LogTargetPlatformManager: Display: Loaded TargetPlatform 'Windows'
[2020.09.06-20.19.46:195][  0]LogTargetPlatformManager: Display: Loaded TargetPlatform 'WindowsClient'
[2020.09.06-20.19.46:241][  0]LogTargetPlatformManager: Display: Loaded TargetPlatform 'WindowsServer'
[2020.09.06-20.19.46:241][  0]LogTargetPlatformManager: Display: Building Assets For Windows
[2020.09.06-20.19.46:304][  0]LogAudioDebug: Display: Lib vorbis DLL was dynamically loaded.
[2020.09.06-20.19.46:751][  0]LogShaderCompilers: Guid format shader working directory is -16 characters bigger than the processId version (../../../../../../Users/serge/Downloads/InfiniteMatrixStarter/Intermediate/Shaders/WorkingDirectory/15708/).
[2020.09.06-20.19.46:752][  0]LogShaderCompilers: Cleaned the shader compiler working directory 'C:/Users/serge/AppData/Local/Temp/UnrealShaderWorkingDir/EF059A1F4BB44FC1BEF515BEC1B9242F/'.
[2020.09.06-20.19.46:756][  0]LogXGEController: Cannot use XGE Controller as Incredibuild is not installed on this machine.
[2020.09.06-20.19.46:757][  0]LogShaderCompilers: Cannot use XGE Shader Compiler as Incredibuild is not installed on this machine.
[2020.09.06-20.19.46:757][  0]LogShaderCompilers: Display: Using Local Shader Compiler.
[2020.09.06-20.19.49:903][  0]LogDerivedDataCache: Display: Max Cache Size: 512 MB
[2020.09.06-20.19.50:098][  0]LogDerivedDataCache: Loaded boot cache 0.19s 75MB C:/Users/serge/AppData/Local/UnrealEngine/4.25/DerivedDataCache/Boot.ddc.
[2020.09.06-20.19.50:098][  0]LogDerivedDataCache: Display: Loaded Boot cache: C:/Users/serge/AppData/Local/UnrealEngine/4.25/DerivedDataCache/Boot.ddc
[2020.09.06-20.19.50:119][  0]LogDerivedDataCache: FDerivedDataBackendGraph:  Pak pak cache file ../../../../../../Users/serge/Downloads/InfiniteMatrixStarter/DerivedDataCache/DDC.ddp not found, will not use a pak cache.
[2020.09.06-20.19.50:119][  0]LogDerivedDataCache: Unable to find inner node Pak for hierarchical cache Hierarchy.
[2020.09.06-20.19.50:120][  0]LogDerivedDataCache: FDerivedDataBackendGraph:  CompressedPak pak cache file ../../../../../../Users/serge/Downloads/InfiniteMatrixStarter/DerivedDataCache/Compressed.ddp not found, will not use a pak cache.
[2020.09.06-20.19.50:120][  0]LogDerivedDataCache: Unable to find inner node CompressedPak for hierarchical cache Hierarchy.
[2020.09.06-20.19.50:153][  0]LogDerivedDataCache: Display: Pak cache opened for reading ../../../Engine/DerivedDataCache/Compressed.ddp.
[2020.09.06-20.19.50:153][  0]LogDerivedDataCache: FDerivedDataBackendGraph:  EnterprisePak pak cache file ../../../Enterprise/DerivedDataCache/Compressed.ddp not found, will not use a pak cache.
[2020.09.06-20.19.50:153][  0]LogDerivedDataCache: Unable to find inner node EnterprisePak for hierarchical cache Hierarchy.
[2020.09.06-20.19.50:163][  0]LogDerivedDataCache: Using Local data cache path C:/Users/serge/AppData/Local/UnrealEngine/Common/DerivedDataCache: Writable
[2020.09.06-20.19.50:163][  0]LogDerivedDataCache: Shared data cache path not found in *engine.ini, will not use an Shared cache.
[2020.09.06-20.19.50:163][  0]LogDerivedDataCache: Unable to find inner node Shared for hierarchical cache Hierarchy.
[2020.09.06-20.19.50:377][  0]LogSlate: Using FreeType 2.10.0
[2020.09.06-20.19.50:380][  0]LogSlate: SlateFontServices - WITH_FREETYPE: 1, WITH_HARFBUZZ: 1
[2020.09.06-20.19.50:563][  0]LogAssetRegistry: FAssetRegistry took 0.0084 seconds to start up
[2020.09.06-20.19.51:936][  0]LogInit: Selected Device Profile: [Windows]
[2020.09.06-20.19.52:610][  0]LogMeshReduction: Using QuadricMeshReduction for automatic static mesh reduction
[2020.09.06-20.19.52:610][  0]LogMeshReduction: Using SimplygonMeshReduction for automatic skeletal mesh reduction
[2020.09.06-20.19.52:610][  0]LogMeshReduction: Using ProxyLODMeshReduction for automatic mesh merging
[2020.09.06-20.19.52:610][  0]LogMeshReduction: No distributed automatic mesh merging module available
[2020.09.06-20.19.52:610][  0]LogMeshMerging: No distributed automatic mesh merging module available
[2020.09.06-20.19.52:691][  0]LogNetVersion: InfiniteMatrix 1.0.0, NetCL: 13144385, EngineNetVer: 14, GameNetVer: 0 (Checksum: 2926519042)
[2020.09.06-20.19.55:514][  0]LogAISub: UAISubsystem::UAISubsystem AISubsystem (00000263BBB91380), frame # 0
[2020.09.06-20.19.55:514][  0]LogAISub: UAISubsystem::UAISubsystem AIPerceptionSystem (00000263BBA29E40), frame # 0
[2020.09.06-20.19.55:520][  0]LogAISub: UAISubsystem::UAISubsystem EnvQueryManager (00000263BBABDC00), frame # 0
[2020.09.06-20.19.56:059][  0]LogPackageLocalizationCache: Processed 19 localized package path(s) for 1 prioritized culture(s) in 0.511664 seconds
[2020.09.06-20.19.56:076][  0]LogUObjectArray: 15917 objects as part of root set at end of initial load.
[2020.09.06-20.19.56:076][  0]LogUObjectAllocator: 3965568 out of 0 bytes used by permanent object pool.
[2020.09.06-20.19.56:076][  0]LogUObjectArray: CloseDisregardForGC: 0/0 objects in disregard for GC pool
[2020.09.06-20.19.58:347][  0]LogTcpMessaging: Initializing TcpMessaging bridge
[2020.09.06-20.19.58:369][  0]LogUdpMessaging: Initializing bridge on interface 0.0.0.0:0 to multicast group 230.0.0.1:6666.
[2020.09.06-20.19.58:872][  0]SourceControl: Source control is disabled
[2020.09.06-20.19.58:872][  0]SourceControl: Source control is disabled
[2020.09.06-20.19.58:891][  0]SourceControl: Source control is disabled
[2020.09.06-20.19.58:907][  0]SourceControl: Source control is disabled
[2020.09.06-20.19.58:953][  0]SourceControl: Source control is disabled
[2020.09.06-20.20.00:505][  0]LogAndroidPermission: UAndroidPermissionCallbackProxy::GetInstance
[2020.09.06-20.20.00:627][  0]LogAudioCaptureCore: Display: No Audio Capture implementations found. Audio input will be silent.
[2020.09.06-20.20.00:627][  0]LogAudioCaptureCore: Display: No Audio Capture implementations found. Audio input will be silent.
[2020.09.06-20.20.00:880][  0]LogOcInput: OculusInput pre-init called
[2020.09.06-20.20.00:951][  0]LogWindows: Failed to load 'OVRPlugin.dll' (GetLastError=126)
[2020.09.06-20.20.00:952][  0]LogWindows: File 'OVRPlugin.dll' does not exist
[2020.09.06-20.20.01:247][  0]LogEngine: Initializing Engine...
[2020.09.06-20.20.01:256][  0]LogHMD: Failed to initialize OpenVR with code 110
[2020.09.06-20.20.01:257][  0]LogMagicLeap: Warning: VR disabled because ZI is not enabled.  To enable, in the editor, Edit -> Project Settings -> Plugins -> Magic Leap Plugin -> Enable Zero Iteration
[2020.09.06-20.20.01:261][  0]LogStats: UGameplayTagsManager::InitializeManager -  0.002 s
[2020.09.06-20.20.01:699][  0]LogInit: Initializing FReadOnlyCVARCache
[2020.09.06-20.20.01:737][  0]LogAIModule: Creating AISystem for world Untitled
[2020.09.06-20.20.01:738][  0]LogAISub: UAISubsystem::UAISubsystem EnvQueryManager (00000263BEA8FC00), frame # 0
[2020.09.06-20.20.01:738][  0]LogAISub: UAISubsystem::UAISubsystem AIPerceptionSystem (00000263BEA97B00), frame # 0
[2020.09.06-20.20.01:768][  0]LogAudioMixer: Display: Audio Mixer Platform Settings:
[2020.09.06-20.20.01:768][  0]LogAudioMixer: Display: 	Sample Rate:						  48000
[2020.09.06-20.20.01:768][  0]LogAudioMixer: Display: 	Callback Buffer Frame Size Requested: 1024
[2020.09.06-20.20.01:768][  0]LogAudioMixer: Display: 	Callback Buffer Frame Size To Use:	  1024
[2020.09.06-20.20.01:768][  0]LogAudioMixer: Display: 	Number of buffers to queue:			  2
[2020.09.06-20.20.01:768][  0]LogAudioMixer: Display: 	Max Channels (voices):				  32
[2020.09.06-20.20.01:768][  0]LogAudioMixer: Display: 	Number of Async Source Workers:		  0
[2020.09.06-20.20.01:768][  0]LogAudio: Display: AudioDevice MaxSources: 32
[2020.09.06-20.20.01:770][  0]LogAudio: Display: Using built-in audio occlusion.
[2020.09.06-20.20.01:770][  0]LogAudioMixer: Display: Initializing audio mixer.
[2020.09.06-20.20.01:835][  0]LogAudioMixer: Display: 0: FrontLeft
[2020.09.06-20.20.01:835][  0]LogAudioMixer: Display: 1: FrontRight
[2020.09.06-20.20.02:108][  0]LogAudioMixer: Display: Using Audio Device Громкоговоритель и наушники (Realtek High Definition Audio)
[2020.09.06-20.20.02:116][  0]LogAudioMixer: Display: Initializing Sound Submixes...
[2020.09.06-20.20.02:129][  0]LogAudioMixer: Display: Creating Master Submix 'MasterSubmixDefault'
[2020.09.06-20.20.02:129][  0]LogAudioMixer: Display: Creating Master Submix 'MasterReverbSubmixDefault'
[2020.09.06-20.20.02:131][  0]LogAudioMixer: Display: Creating Master Submix 'MasterEQSubmixDefault'
[2020.09.06-20.20.02:134][  0]LogInit: FAudioDevice initialized.
[2020.09.06-20.20.02:134][  0]LogNetVersion: Set ProjectVersion to 1.0.0.0. Version Checksum will be recalculated on next use.
[2020.09.06-20.20.02:850][  0]LogDerivedDataCache: Saved boot cache 0.72s 75MB C:/Users/serge/AppData/Local/UnrealEngine/4.25/DerivedDataCache/Boot.ddc.
[2020.09.06-20.20.02:862][  0]LogInit: Texture streaming: Enabled
[2020.09.06-20.20.02:959][  0]LogEngineSessionManager: EngineSessionManager initialized
[2020.09.06-20.20.02:959][  0]LogEditorSessionSummary: Verbose: Initializing EditorSessionSummaryWriter for editor session tracking
[2020.09.06-20.20.03:039][  0]LogEditorSessionSummary: EditorSessionSummaryWriter initialized
[2020.09.06-20.20.03:260][  0]LogInit: Transaction tracking system initialized
[2020.09.06-20.20.03:399][  0]BlueprintLog: New page: Editor Load
[2020.09.06-20.20.03:891][  0]LocalizationService: Localization service is disabled
[2020.09.06-20.20.05:433][  0]LogCook: Display: Max memory allowance for cook 16384mb min free memory 0mb
[2020.09.06-20.20.05:433][  0]LogCook: Display: Mobile HDR setting 1
[2020.09.06-20.20.05:483][  0]LogFileCache: Scanning file cache for directory 'C:/Users/serge/Downloads/InfiniteMatrixStarter/Content/' took 0.03s
[2020.09.06-20.20.07:971][  0]SourceControl: Source control is disabled
[2020.09.06-20.20.07:971][  0]LogUnrealEdMisc: Loading editor; pre map load, took 44.100
[2020.09.06-20.20.07:972][  0]Cmd: MAP LOAD FILE="../../../../../../Users/serge/Downloads/InfiniteMatrixStarter/Content/InfiniteMatrix/Maps/TutorialMap.umap" TEMPLATE=0 SHOWPROGRESS=1 FEATURELEVEL=3
[2020.09.06-20.20.08:021][  0]LightingResults: New page: Lighting Build
[2020.09.06-20.20.08:026][  0]LogWorld: UWorld::CleanupWorld for Untitled, bSessionEnded=true, bCleanupResources=true
[2020.09.06-20.20.08:026][  0]LogSlate: InvalidateAllWidgets triggered.  All widgets were invalidated
[2020.09.06-20.20.08:027][  0]MapCheck: New page: Map Check
[2020.09.06-20.20.08:027][  0]LightingResults: New page: Lighting Build
[2020.09.06-20.20.08:052][  0]LogAISub: UAISubsystem::~UAISubsystem EnvQueryManager (00000263BEA8FC00), frame # 0
[2020.09.06-20.20.08:052][  0]LogAISub: UAISubsystem::~UAISubsystem AIPerceptionSystem (00000263BEA97B00), frame # 0
[2020.09.06-20.20.08:056][  0]LogUObjectHash: Compacting FUObjectHashTables data took   3.28ms
[2020.09.06-20.20.10:951][  0]LogAIModule: Creating AISystem for world TutorialMap
[2020.09.06-20.20.10:951][  0]LogAISub: UAISubsystem::UAISubsystem EnvQueryManager (00000263ACEDBE00), frame # 0
[2020.09.06-20.20.10:951][  0]LogAISub: UAISubsystem::UAISubsystem AIPerceptionSystem (00000263B857A840), frame # 0
[2020.09.06-20.20.10:960][  0]LogEditorServer: Finished looking for orphan Actors (0.000 secs)
[2020.09.06-20.20.10:991][  0]LogUObjectHash: Compacting FUObjectHashTables data took   1.95ms
[2020.09.06-20.20.10:992][  0]Cmd: MAP CHECKDEP NOCLEARLOG
[2020.09.06-20.20.10:993][  0]MapCheck: Map check complete: 0 Error(s), 0 Warning(s), took 0,504ms to complete.
[2020.09.06-20.20.10:993][  0]LogFileHelpers: Loading map 'TutorialMap' took 3.021
[2020.09.06-20.20.10:998][  0]LogUnrealEdMisc: Total Editor Startup Time, took 47.126
[2020.09.06-20.20.11:289][  0]LogSlate: Updating window title bar state: overlay mode, drag disabled, window buttons hidden, title bar hidden
[2020.09.06-20.20.11:315][  0]LogSlate: Updating window title bar state: overlay mode, drag disabled, window buttons hidden, title bar hidden
[2020.09.06-20.20.11:341][  0]LogSlate: Updating window title bar state: overlay mode, drag disabled, window buttons hidden, title bar hidden
[2020.09.06-20.20.11:366][  0]LogSlate: Updating window title bar state: overlay mode, drag disabled, window buttons hidden, title bar hidden
[2020.09.06-20.20.11:412][  0]LogCollectionManager: Loaded 0 collections in 0.011984 seconds
[2020.09.06-20.20.11:466][  0]LogFileCache: Scanning file cache for directory 'C:/Users/serge/Downloads/InfiniteMatrixStarter/Saved/Collections/' took 0.00s
[2020.09.06-20.20.11:466][  0]LogFileCache: Scanning file cache for directory 'C:/Users/serge/Downloads/InfiniteMatrixStarter/Content/Developers/serge/Collections/' took 0.01s
[2020.09.06-20.20.11:467][  0]LogFileCache: Scanning file cache for directory 'C:/Users/serge/Downloads/InfiniteMatrixStarter/Content/Collections/' took 0.00s
[2020.09.06-20.20.11:467][  0]LogContentBrowser: Native class hierarchy populated in 0.0308 seconds. Added 3427 classes and 821 folders.
[2020.09.06-20.20.11:478][  0]LogContentBrowser: Native class hierarchy updated for 'WidgetCarousel' in 0.0015 seconds. Added 0 classes and 0 folders.
[2020.09.06-20.20.12:125][  0]LogContentBrowser: Native class hierarchy updated for 'AddContentDialog' in 0.0014 seconds. Added 0 classes and 0 folders.
[2020.09.06-20.20.12:132][  0]LogContentBrowser: Native class hierarchy updated for 'SceneOutliner' in 0.0013 seconds. Added 2 classes and 0 folders.
[2020.09.06-20.20.12:504][  0]LogSlate: Took 0.000985 seconds to synchronously load lazily loaded font '../../../Engine/Content/Slate/Fonts/Roboto-Regular.ttf' (155K)
[2020.09.06-20.20.12:523][  0]LogSlate: Took 0.001492 seconds to synchronously load lazily loaded font '../../../Engine/Content/Slate/Fonts/Roboto-Bold.ttf' (160K)
[2020.09.06-20.20.12:533][  0]LogSlate: Took 0.001179 seconds to synchronously load lazily loaded font '../../../Engine/Content/Editor/Slate/Fonts/FontAwesome.ttf' (139K)
[2020.09.06-20.20.12:719][  0]LogRenderer: Reallocating scene render targets to support 904x572 Format 9 NumSamples 1 (Frame:1).
[2020.09.06-20.20.13:151][  0]LogContentBrowser: Native class hierarchy updated for 'HierarchicalLODOutliner' in 0.0014 seconds. Added 0 classes and 0 folders.
[2020.09.06-20.20.13:152][  0]LogLoad: (Engine Initialization) Total time: 49.28 seconds
[2020.09.06-20.20.13:152][  0]LogLoad: (Engine Initialization) Total Blueprint compile time: 0.00 seconds
[2020.09.06-20.20.13:304][  0]LogContentStreaming: Texture pool size now 400 MB
[2020.09.06-20.20.13:413][  0]LogRenderer: Reallocating scene render targets to support 904x588 Format 9 NumSamples 1 (Frame:3).
[2020.09.06-20.20.13:413][  0]LogSlate: Took 0.000865 seconds to synchronously load lazily loaded font '../../../Engine/Content/Slate/Fonts/Roboto-Light.ttf' (167K)
[2020.09.06-20.20.13:588][  2]LogAssetRegistry: Asset discovery search completed in 23.0263 seconds
[2020.09.06-20.20.13:602][  2]LogCollectionManager: Fixed up redirectors for 0 collections in 0.000006 seconds (updated 0 objects)
[2020.09.06-20.20.14:596][  5]LogSlate: Took 0.000930 seconds to synchronously load lazily loaded font '../../../Engine/Content/Slate/Fonts/Roboto-Light.ttf' (167K)
[2020.09.06-20.20.24:541][278]LogUProjectInfo: Found projects:
[2020.09.06-20.20.24:578][278]LogSlate: WidgetSwitcher ('None') active index changed to -1
[2020.09.06-20.20.24:579][278]LogSlate: WidgetSwitcher ('None') active index changed to 1
[2020.09.06-20.20.24:722][278]LogSlate: Took 0.000770 seconds to synchronously load lazily loaded font '../../../Engine/Content/Slate/Fonts/Roboto-BoldCondensed.ttf' (158K)
[2020.09.06-20.20.51:113][982]LogSlate: Window 'Open Project' being destroyed
